INFO:root:2023-08-12 13:29:03.035990 : AA-Dushyant-Resume (2).pdf
INFO:root:2023-08-12 13:29:03.041901 : Number of Pages = 3
INFO:root:2023-08-12 13:29:03.492004 : Content of the first Page = 2017-2021
2015-2016
2013-2014
06-09-2021  - NowDushy ant Sharma
Pune, Mahar ashtr a
6264981213  | dksharma991998@gmail.com
About
I am Dushy ant Sharma ha ving 2 y ears of experience in Robotics Pr ocess A ut omation. I am aut omating the
business pr ocess using A ut omation Anywher e and P ython. I ha v e good exposur e t o other aut omation t ools lik e
P ower A ut omate and UiP ath as well. Also, I ha v e exper tise in cr eating dynamic dashboar ds, r epor ts & aler ts using
T ableau, Splunk Enterprise, and Google Analytics.
E ducation
Ujjain Engineering College, Ujjain
B.T ech
7.67
Balaji Higher Secondar y School, Mihona
12th
89.8%
Balaji Higher Secondar y School, Mihona
10th
90.6%
Experience
Neutrino T ech Systems
Associate Softwar e Engineer
Implemented multiple use cases using A ut omation Anywher e 360, MySQL and Splunk.
W as par t of r equir ement gathering, LLD and HLD as a team member .
W ork ed dir ectly with clients for pr oject flow , enhancements and r egular pr esentations.
Ex ception handling design and corr ect use of stages and blocks.
Ha v e hands on experience on other aut omation t ools lik e P ower A ut omate and UiP ath as well.
Ha v e good knowledge of deplo ying, scheduling and migr ation of bots.
First person in the or ganization t o learn and implement Splunk dashboar d using logs on business
demand.
T r ained 6 other r esour ces on Splunk Enterprise.
Migr ated Univ ersal Analytics Dashboar ds t o Google Analytics 4.
Helped business t o achie v e desir ed tr acking of tr afﬁc, user aquisition and pr oﬁtability using GA4.
Skills
A ut omation (AA360, UiP ath, P ower A ut omate)
Pr ogr amming - P ython
Database (MySQL, SQL Ser v er)
Data Visualization (Splunk, T ableau)
Ex cel (Macr os, VBA)
Cer tiﬁcates
A ut omation Anywher e 360 Adv anced RP A Pr of essional 
UiP ath F oundation Course
MySQL (Hack erRank)
Decisions De v eloper 
INFO:root:2023-08-12 13:29:03.496744 : AA-Dushyant-Resume (3).pdf
INFO:root:2023-08-12 13:29:03.517435 : Number of Pages = 3
INFO:root:2023-08-12 13:29:03.971233 : Content of the first Page = 2017-2021
2015-2016
2013-2014
06-09-2021  - NowDushy ant Sharma
Pune, Mahar ashtr a
6264981213  | dksharma991998@gmail.com
About
I am Dushy ant Sharma ha ving 2 y ears of experience in Robotics Pr ocess A ut omation. I am aut omating the
business pr ocess using A ut omation Anywher e and P ython. I ha v e good exposur e t o other aut omation t ools lik e
P ower A ut omate and UiP ath as well. Also, I ha v e exper tise in cr eating dynamic dashboar ds, r epor ts & aler ts using
T ableau, Splunk Enterprise, and Google Analytics.
E ducation
Ujjain Engineering College, Ujjain
B.T ech
7.67
Balaji Higher Secondar y School, Mihona
12th
89.8%
Balaji Higher Secondar y School, Mihona
10th
90.6%
Experience
Neutrino T ech Systems
Associate Softwar e Engineer
Implemented multiple use cases using A ut omation Anywher e 360, MySQL and Splunk.
W as par t of r equir ement gathering, LLD and HLD as a team member .
W ork ed dir ectly with clients for pr oject flow , enhancements and r egular pr esentations.
Ex ception handling design and corr ect use of stages and blocks.
Ha v e hands on experience on other aut omation t ools lik e P ower A ut omate and UiP ath as well.
Ha v e good knowledge of deplo ying, scheduling and migr ation of bots.
First person in the or ganization t o learn and implement Splunk dashboar d using logs on business
demand.
T r ained 6 other r esour ces on Splunk Enterprise.
Migr ated Univ ersal Analytics Dashboar ds t o Google Analytics 4.
Helped business t o achie v e desir ed tr acking of tr afﬁc, user aquisition and pr oﬁtability using GA4.
Skills
A ut omation (AA360, UiP ath, P ower A ut omate)
Pr ogr amming - P ython
Database (MySQL, SQL Ser v er)
Data Visualization (Splunk, T ableau)
Ex cel (Macr os, VBA)
Cer tiﬁcates
A ut omation Anywher e 360 Adv anced RP A Pr of essional 
UiP ath F oundation Course
MySQL (Hack erRank)
Decisions De v eloper 
INFO:root:2023-08-12 13:29:03.971233 : DushyantSharmaResume.pdf
INFO:root:2023-08-12 13:29:03.990830 : Number of Pages = 2
INFO:root:2023-08-12 13:29:04.061224 : Content of the first Page = 09/2021 - Present e
•
•
•
•
•
•
•
•
•
•
02/2023 - 06/2023
•
•
•
•
•
09/2022 - 01/2023
•
•
•
•
•07/2017 - 06/2021 /  
04/2015 - 03/2016 /  EXPERIENCE
Neutrino Tech Systems
Pune, Maharashtra
Associate Software Engineer
Implemented multiple use cases using Automation Anywhere 360, MySQL and Splunk.
Was part of requirement gathering, LLD and HLD as a team member.
Worked directly with clients for project ﬂow, enhancements and regular presentations.
Exception handling design and correct use of stages and blocks.
Have hands on experience on other automation tools like Power Automate and UiPath  
as well.
Have good knowledge of deploying, scheduling and migration of bots.
First person in the organization to learn and implement Splunk dashboard using logs on  
business demand.
Trained 6 other resources on Splunk Enterprise.
Migrated Universal Analytics Dashboards to Google Analytics 4.
Helped business to achieve desired tracking of traﬃc, user aquisition and proﬁtability  
using GA4.
PROJECTS
PD Dropship Conﬁrmation Order
Client : Cardinal Health Pune, Maharashtra
Project Description :  A RPA solution which helps to automate the process for  
getting the required data from Suppliers via Email and storing those in Database so  
to generate the Report out of it in Microsoft Excel.
Role : RPA Developer  
Technologies :  Automation Anywhere 360, SQL, Splunk, Jira, Outlook  
Roles and Responsibilities :
Understand the business process requirement and design.
Design, develop and review the automation solution.
Created helper bots to automate the process using AA360.
Troubleshooting, understand and implement client requirements.
Performed CRUD operations by connecting AA360 with MySQL.
Canada Open PO
Client : Cardinal Health Pune, Maharashtra
Project Description :  An RPA solution that helps the business to get data in proper  
format from supplier Or Vendors in Excel via email to maintain consistency of  
standard created by them among 1000’s of suppliers.
Role : RPA Developer  
Technologies :  Automation Anywhere 360, SQL, Excel, Splunk, Jira  
Roles and Responsibilities :
Design end-to-end automation solution for clients.
Develop codes to meet the deﬁned design/solution approach using AA360.
Migration of metabots to implement Splunk logging.
Setting up the connection with the MySQL database and Excel.
Writing queries to insert/update/delete values in DB.PROFILE
Seasoned RPA developer with 2  
years of experience in Robotics  
Process Automation. I am  
automating the business process  
using Automation Anywhere and  
Python. I have good exposure to  
other automation tools like Power  
Automate and UiPath as well.  
Also, I have expertise in creating  
dynamic dashboards, reports &  
alerts using Tableau, Splunk  
Enterprise, and Google Analytics.
EDUCATION
B.Tech
Ujjain Engineering 
College, Ujjain
Ujjain, Madhya PradeshCGPA
7.67 10.0
12th
Balaji Higher 
Secondary School, 
Mihona
Mihona, Madhya  
PradeshPercentage
89.8 100
CERTIFICATION
Automation Anywhere 360 
Advanced RPA Professional
Automation Anywhere,  2022
UiPath Foundation Course
Uipath,  2023
MySQL
HackerRank,  2023
Decisions Developer
Decisions , 2022E  q
eDUSHYANT SHARMA
RPA Developer
+91 6264981213 dksharma991998@gmail.com https://www.linkedin.com/in/dushyant-sharma-166a841ab/
Pune, Maharashtra
INFO:root:2023-08-12 13:29:04.061224 : invoice (2).pdf
INFO:root:2023-08-12 13:29:04.061224 : Number of Pages = 1
INFO:root:2023-08-12 13:29:04.092870 : Content of the first Page =  Tax Invoice/Bill of Supply/Cash Memo
(Original for Recipient)
*ASSPL-Amazon Seller Services Pvt. Ltd., ARIPL-Amazon Retail India Pvt. Ltd. (only where Amazon Retail India Pvt. Ltd. fulfillment center is co-located) 
Customers desirous of availing input GST credit are requested to create a Business account and purchase on Amazon.in/business from Business eligible offers 
Please note that this invoice is not a demand for payment
Page 1 of 1For COCOBLU RETAIL LIMITED:
Authorized Signatory
Order Number:  405-1908392-9064320 Invoice Number :  PNQ3-2206573
Order Date:  11.02.2023 Invoice Details :  MH-PNQ3-1271137075-2223
Invoice Date :  11.02.2023
Sl.
NoDescriptionUnit
PriceDiscount QtyNet
AmountTax
RateTax
TypeTax
AmountTotal
Amount
1truke BTG X1 True Gaming in Ear Earbuds with 12mm
Titanium Drivers, True Gaming Mode with 20RGB Case
Design, 48H Playtime, Fast Charging, Instant Pairing,
AAC Codec, Quad-Mic ENC, BT 5.3, IPX4 |
B0BR1D1Y7V ( B0BR1D1Y7V ) 
HSN:85183011₹931.36₹0.001₹931.369%CGST₹83.82₹1,099.00
9%SGST₹83.82
Shipping Charges ₹33.90-₹33.90 ₹0.009%CGST₹0.00₹0.00
9%SGST₹0.00
TOTAL: ₹167.64₹1,099.00
Amount in Words:
One Thousand Ninety-nine only
Whether tax is payable under reverse charge - No
Payment Transaction ID: 
1Wj3MNh81uO0dDbPQWpBDate & Time: 11/02/2023, 11:08:12
hrsInvoice Value: 
1,099.00Mode of Payment: Credit
CardSold By :
COCOBLU RETAIL LIMITED 
* Building No. B01, ESR Pune Estates Pvt Ltd,
Village Ambethan, Tal: Khed, Dist: Pune, Pin
410501
CHAKAN, MAHARASHTRA, 410501
IN
PAN No: AAJCC8517E
GST Registration No: 27AAJCC8517E1ZLBilling Address :
Dushyant sharma
Tower 1, 5th floor WTC, Kharadi
PUNE, MAHARASHTRA, 411014
IN
State/UT Code: 27
Shipping Address :
Dushyant sharma 
Dushyant sharma
Tower 1, 5th floor WTC, Kharadi
PUNE, MAHARASHTRA, 411014
IN
State/UT Code: 27 
Place of supply: MAHARASHTRA 
Place of delivery: MAHARASHTRA
INFO:root:2023-08-12 13:29:04.092870 : invoice (5).pdf
INFO:root:2023-08-12 13:29:04.109656 : Number of Pages = 1
INFO:root:2023-08-12 13:29:04.124202 : Content of the first Page =  Tax Invoice/Bill of Supply/Cash Memo
(Original for Recipient)
*ASSPL-Amazon Seller Services Pvt. Ltd., ARIPL-Amazon Retail India Pvt. Ltd. (only where Amazon Retail India Pvt. Ltd. fulfillment center is co-located) 
Customers desirous of availing input GST credit are requested to create a Business account and purchase on Amazon.in/business from Business eligible offers 
Please note that this invoice is not a demand for payment
Page 1 of 1For pradeep enterprises:
Authorized Signatory
Order Number: 405-1016312-1234762 Invoice Number : IN-28838
Order Date: 30.12.2022 Invoice Details : AP-484136025-2223
Invoice Date : 30.12.2022
Sl.
NoDescriptionUnit
PriceQtyNet
AmountTax
RateTax
TypeTax
AmountTotal
Amount
1CLOST & TWON. Cotton Full Sleeve Men's t-Shirt White |
B0BG1Z3N92 ( (F)T-shirt-White-L(42) ) 
HSN:6204₹475.241₹475.245%IGST₹23.76₹499.00
TOTAL: ₹23.76₹499.00
Amount in Words:
Four Hundred Ninety-nine only
Whether tax is payable under reverse charge - NoSold By :
pradeep enterprises 
*16/2/59/-1,yarada,lastbus stop, viskhapatnam 
viskhapatnam, andhra pradesh, 530005 
IN 
PAN No:AWCPN0331K 
GST Registration No: 37AWCPN0331K1ZN 
 Dynamic QR Code:
Billing Address :
Dushyant Sharma 
Laxmi Pg, Behind Ganga Constella, Kharadi, Near
WTC 
PUNE, MAHARASHTRA, 411014 
IN 
State/UT Code: 27 
Shipping Address :
Dushyant Sharma 
Dushyant Sharma 
Laxmi Pg, Behind Ganga Constella, Kharadi, Near
WTC 
PUNE, MAHARASHTRA, 411014 
IN 
State/UT Code: 27 
Place of supply: MAHARASHTRA 
Place of delivery: MAHARASHTRA 
INFO:root:2023-08-12 13:29:04.124202 : Suraj_PatilCV_Python.pdf
INFO:root:2023-08-12 13:29:04.143764 : Number of Pages = 3
INFO:root:2023-08-12 13:29:04.215140 : Content of the first Page =  
 
 
 
 
 
 
 
 
 
 
 
 
 Suraj Patil  
 
PROFILE  
I am having around 2.8 years of  
experience as  an Automation  Engineer 
and implementing  Object -oriented  
Python  also carry strong knowledge of 
Automation Anywhere.   Experience in 
installing software using the pip 
command for python libraries and 
extensive usage of the PEP8 coding 
convention.  Hands -on knowledge of 
MongoDB  administration skills in 
windows.   Strong desire to move 
forward, face new challenges & expand 
my data skill set.  
 
 
CONTACT  
PHONE:  
+91-8446546080  
 
WEBSITE:  
http://www.neutrinotechsystems.com  
 
EMAIL:  
suraj.patil@neutrinotechlabs.com  
 
HOBBIES  
    Playing Cricket  
    Bike Riding  
    Gaming  
    Watching series  
 
 
 
 
 
 
 EDUCATION  
 
 
Sinhgad Academy Of Engineering -SPPU  
Bachelors  of Engineering  – Computer Science  with CGPA 5.67  
2015 - 2019  
 
 TECHNICAL SKILLS   
 Experience in Python 3 with packages, tools, 
frameworks for data  analytics and visualization. 
Pandas, NumPy, SciPy, Scikitlearn.  
 Image Processing library: OpenCV, Pillow.  
 Tools/IDE: PyCharm, Anaconda, Git, Mango DB -
Compass, Jira.  
 Database  – MySQL, MongoDB , NoSQL  
 
 
WORK EXPERIENCE                                               
Neutrino Tech Systems – Automation Engineer  
Nov 2019 – Till Present  
 
Responsibilities :  
Development on python . 
Create SQL table & create Stored Procedure.  
Create bots using automation anywhere.  
Create bots using Power Automate.  
Provided the Automation Support.  
 
 
 
 
 

